
Nov 03, 2021 21:37:41.66 NEW SESSION
Nov 03, 2021 21:37:41.66 [9348:1624:1103/213741.661:ERROR:chrome_browser_main_extra_parts_metrics.cc(230)] crbug.com/1216328: Checking Bluetooth availability started. Please report if there is no report that this ends.
Nov 03, 2021 21:37:41.66 [9348:1624:1103/213741.661:ERROR:chrome_browser_main_extra_parts_metrics.cc(233)] crbug.com/1216328: Checking Bluetooth availability ended.
Nov 03, 2021 21:37:41.66 [9348:1624:1103/213741.661:ERROR:chrome_browser_main_extra_parts_metrics.cc(236)] crbug.com/1216328: Checking default browser status started. Please report if there is no report that this ends.
Nov 03, 2021 21:37:41.66 [9348:17132:1103/213741.662:ERROR:device_event_log_impl.cc(214)] [21:37:41.663] USB: usb_device_handle_win.cc:1048 Failed to read descriptor from node connection: A device attached to the system is not functioning. (0x1F)
Nov 03, 2021 21:37:41.67 [9348:1624:1103/213741.662:ERROR:chrome_browser_main_extra_parts_metrics.cc(240)] crbug.com/1216328: Checking default browser status ended.
Nov 03, 2021 21:37:41.67 [9348:17132:1103/213741.663:ERROR:device_event_log_impl.cc(214)] [21:37:41.663] USB: usb_device_handle_win.cc:1048 Failed to read descriptor from node connection: A device attached to the system is not functioning. (0x1F)
Nov 03, 2021 21:37:41.67 [9348:17132:1103/213741.663:ERROR:device_event_log_impl.cc(214)] [21:37:41.663] USB: usb_device_handle_win.cc:1048 Failed to read descriptor from node connection: A device attached to the system is not functioning. (0x1F)
Nov 03, 2021 21:39:29.27 [9348:16788:1103/213929.270:ERROR:database.cc(1761)] History SQLite error: code 1555 errno 0: UNIQUE constraint failed: context_annotations.visit_id sql: INSERT INTO context_annotations( visit_id,context_annotation_flags,duration_since_last_visit,page_end_reason )VALUES(?,?,?,?)
Nov 03, 2021 21:40:13.00 [9348:5368:1103/214013.004:ERROR:database.cc(1761)] History SQLite error: code 1555 errno 0: UNIQUE constraint failed: context_annotations.visit_id sql: INSERT INTO context_annotations( visit_id,context_annotation_flags,duration_since_last_visit,page_end_reason )VALUES(?,?,?,?)
Nov 03, 2021 21:40:16.41 [9348:5368:1103/214016.416:ERROR:database.cc(1761)] History SQLite error: code 1555 errno 0: UNIQUE constraint failed: context_annotations.visit_id sql: INSERT INTO context_annotations( visit_id,context_annotation_flags,duration_since_last_visit,page_end_reason )VALUES(?,?,?,?)
Nov 03, 2021 21:43:00.59 [9348:5368:1103/214300.594:ERROR:database.cc(1761)] History SQLite error: code 1555 errno 0: UNIQUE constraint failed: context_annotations.visit_id sql: INSERT INTO context_annotations( visit_id,context_annotation_flags,duration_since_last_visit,page_end_reason )VALUES(?,?,?,?)
Nov 03, 2021 21:43:07.83 [9348:5368:1103/214307.829:ERROR:database.cc(1761)] History SQLite error: code 1555 errno 0: UNIQUE constraint failed: context_annotations.visit_id sql: INSERT INTO context_annotations( visit_id,context_annotation_flags,duration_since_last_visit,page_end_reason )VALUES(?,?,?,?)
Nov 03, 2021 22:06:05.35 [9348:13292:1103/220605.351:ERROR:database.cc(1761)] History SQLite error: code 1555 errno 0: UNIQUE constraint failed: context_annotations.visit_id sql: INSERT INTO context_annotations( visit_id,context_annotation_flags,duration_since_last_visit,page_end_reason )VALUES(?,?,?,?)
Nov 03, 2021 22:08:21.84 [9348:5368:1103/220821.846:ERROR:database.cc(1761)] History SQLite error: code 1555 errno 0: UNIQUE constraint failed: context_annotations.visit_id sql: INSERT INTO context_annotations( visit_id,context_annotation_flags,duration_since_last_visit,page_end_reason )VALUES(?,?,?,?)
Nov 03, 2021 22:08:23.84 [9348:5368:1103/220823.841:ERROR:database.cc(1761)] History SQLite error: code 1555 errno 0: UNIQUE constraint failed: context_annotations.visit_id sql: INSERT INTO context_annotations( visit_id,context_annotation_flags,duration_since_last_visit,page_end_reason )VALUES(?,?,?,?)
Nov 03, 2021 22:08:24.29 [9348:13292:1103/220824.297:ERROR:database.cc(1761)] History SQLite error: code 1555 errno 0: UNIQUE constraint failed: context_annotations.visit_id sql: INSERT INTO context_annotations( visit_id,context_annotation_flags,duration_since_last_visit,page_end_reason )VALUES(?,?,?,?)
Nov 03, 2021 22:08:24.47 [9348:5368:1103/220824.472:ERROR:database.cc(1761)] History SQLite error: code 1555 errno 0: UNIQUE constraint failed: context_annotations.visit_id sql: INSERT INTO context_annotations( visit_id,context_annotation_flags,duration_since_last_visit,page_end_reason )VALUES(?,?,?,?)
Nov 03, 2021 22:08:24.67 [9348:13292:1103/220824.672:ERROR:database.cc(1761)] History SQLite error: code 1555 errno 0: UNIQUE constraint failed: context_annotations.visit_id sql: INSERT INTO context_annotations( visit_id,context_annotation_flags,duration_since_last_visit,page_end_reason )VALUES(?,?,?,?)
Nov 03, 2021 22:08:24.87 [9348:5368:1103/220824.879:ERROR:database.cc(1761)] History SQLite error: code 1555 errno 0: UNIQUE constraint failed: context_annotations.visit_id sql: INSERT INTO context_annotations( visit_id,context_annotation_flags,duration_since_last_visit,page_end_reason )VALUES(?,?,?,?)
Nov 03, 2021 22:08:57.32 [9348:13292:1103/220857.326:ERROR:database.cc(1761)] History SQLite error: code 1555 errno 0: UNIQUE constraint failed: context_annotations.visit_id sql: INSERT INTO context_annotations( visit_id,context_annotation_flags,duration_since_last_visit,page_end_reason )VALUES(?,?,?,?)
Nov 03, 2021 22:08:58.19 [9348:428:1103/220858.191:ERROR:database.cc(1761)] History SQLite error: code 1555 errno 0: UNIQUE constraint failed: context_annotations.visit_id sql: INSERT INTO context_annotations( visit_id,context_annotation_flags,duration_since_last_visit,page_end_reason )VALUES(?,?,?,?)
Nov 03, 2021 22:08:58.56 [9348:428:1103/220858.567:ERROR:database.cc(1761)] History SQLite error: code 1555 errno 0: UNIQUE constraint failed: context_annotations.visit_id sql: INSERT INTO context_annotations( visit_id,context_annotation_flags,duration_since_last_visit,page_end_reason )VALUES(?,?,?,?)
Nov 03, 2021 22:08:58.92 [9348:5368:1103/220858.927:ERROR:database.cc(1761)] History SQLite error: code 1555 errno 0: UNIQUE constraint failed: context_annotations.visit_id sql: INSERT INTO context_annotations( visit_id,context_annotation_flags,duration_since_last_visit,page_end_reason )VALUES(?,?,?,?)
Nov 03, 2021 22:08:59.87 [9348:5368:1103/220859.876:ERROR:database.cc(1761)] History SQLite error: code 1555 errno 0: UNIQUE constraint failed: context_annotations.visit_id sql: INSERT INTO context_annotations( visit_id,context_annotation_flags,duration_since_last_visit,page_end_reason )VALUES(?,?,?,?)
Nov 03, 2021 22:12:10.51 [9348:11596:1103/221210.510:ERROR:database.cc(1761)] History SQLite error: code 1555 errno 0: UNIQUE constraint failed: context_annotations.visit_id sql: INSERT INTO context_annotations( visit_id,context_annotation_flags,duration_since_last_visit,page_end_reason )VALUES(?,?,?,?)
Nov 03, 2021 22:16:07.17 [9348:5368:1103/221607.171:ERROR:database.cc(1761)] History SQLite error: code 1555 errno 0: UNIQUE constraint failed: context_annotations.visit_id sql: INSERT INTO context_annotations( visit_id,context_annotation_flags,duration_since_last_visit,page_end_reason )VALUES(?,?,?,?)

Nov 07, 2021 09:09:42.52 NEW SESSION
Nov 07, 2021 09:09:42.53 [15788:1224:1107/090942.527:ERROR:chrome_browser_main_extra_parts_metrics.cc(230)] crbug.com/1216328: Checking Bluetooth availability started. Please report if there is no report that this ends.
Nov 07, 2021 09:09:42.54 [15788:1224:1107/090942.527:ERROR:chrome_browser_main_extra_parts_metrics.cc(233)] crbug.com/1216328: Checking Bluetooth availability ended.
Nov 07, 2021 09:09:42.54 [15788:1224:1107/090942.527:ERROR:chrome_browser_main_extra_parts_metrics.cc(236)] crbug.com/1216328: Checking default browser status started. Please report if there is no report that this ends.
Nov 07, 2021 09:09:42.54 [15788:1224:1107/090942.528:ERROR:chrome_browser_main_extra_parts_metrics.cc(240)] crbug.com/1216328: Checking default browser status ended.
Nov 07, 2021 09:09:42.54 [15788:15124:1107/090942.529:ERROR:device_event_log_impl.cc(214)] [09:09:42.529] USB: usb_device_handle_win.cc:1048 Failed to read descriptor from node connection: A device attached to the system is not functioning. (0x1F)
Nov 07, 2021 09:09:42.54 [15788:15124:1107/090942.529:ERROR:device_event_log_impl.cc(214)] [09:09:42.529] USB: usb_device_handle_win.cc:1048 Failed to read descriptor from node connection: A device attached to the system is not functioning. (0x1F)
Nov 07, 2021 09:09:42.54 [15788:15124:1107/090942.530:ERROR:device_event_log_impl.cc(214)] [09:09:42.530] USB: usb_device_handle_win.cc:1048 Failed to read descriptor from node connection: A device attached to the system is not functioning. (0x1F)
Nov 07, 2021 09:12:59.68 [15788:15624:1107/091259.689:ERROR:database.cc(1761)] History SQLite error: code 1555 errno 0: UNIQUE constraint failed: context_annotations.visit_id sql: INSERT INTO context_annotations( visit_id,context_annotation_flags,duration_since_last_visit,page_end_reason )VALUES(?,?,?,?)
Nov 07, 2021 09:14:15.05 [9440:2508:1107/091415.057:ERROR:chrome_browser_main_extra_parts_metrics.cc(230)] crbug.com/1216328: Checking Bluetooth availability started. Please report if there is no report that this ends.
Nov 07, 2021 09:14:15.05 [9440:2508:1107/091415.057:ERROR:chrome_browser_main_extra_parts_metrics.cc(233)] crbug.com/1216328: Checking Bluetooth availability ended.
Nov 07, 2021 09:14:15.05 [9440:2508:1107/091415.057:ERROR:chrome_browser_main_extra_parts_metrics.cc(236)] crbug.com/1216328: Checking default browser status started. Please report if there is no report that this ends.
Nov 07, 2021 09:14:15.05 [9440:2508:1107/091415.058:ERROR:chrome_browser_main_extra_parts_metrics.cc(240)] crbug.com/1216328: Checking default browser status ended.
Nov 07, 2021 09:14:15.05 [9440:2652:1107/091415.059:ERROR:device_event_log_impl.cc(214)] [09:14:15.059] USB: usb_device_handle_win.cc:1048 Failed to read descriptor from node connection: A device attached to the system is not functioning. (0x1F)
Nov 07, 2021 09:14:15.06 [9440:2652:1107/091415.060:ERROR:device_event_log_impl.cc(214)] [09:14:15.059] USB: usb_device_handle_win.cc:1048 Failed to read descriptor from node connection: A device attached to the system is not functioning. (0x1F)
Nov 07, 2021 09:14:15.06 [9440:2652:1107/091415.060:ERROR:device_event_log_impl.cc(214)] [09:14:15.060] USB: usb_device_handle_win.cc:1048 Failed to read descriptor from node connection: A device attached to the system is not functioning. (0x1F)
Nov 07, 2021 09:14:21.90 [9440:4612:1107/091421.904:ERROR:database.cc(1761)] History SQLite error: code 1555 errno 0: UNIQUE constraint failed: context_annotations.visit_id sql: INSERT INTO context_annotations( visit_id,context_annotation_flags,duration_since_last_visit,page_end_reason )VALUES(?,?,?,?)
Nov 07, 2021 12:04:35.43 [9440:14244:1107/120435.436:ERROR:database.cc(1761)] History SQLite error: code 1555 errno 0: UNIQUE constraint failed: context_annotations.visit_id sql: INSERT INTO context_annotations( visit_id,context_annotation_flags,duration_since_last_visit,page_end_reason )VALUES(?,?,?,?)
